2025-06-17 09:36:28 | INFO | ============================================================
2025-06-17 09:36:28 | INFO |    ESTRATEGIA RSI MULTI-ACTIVOS PARA IQ OPTION
2025-06-17 09:36:28 | INFO |    ⚡ LÓGICA INVERTIDA ⚡
2025-06-17 09:36:28 | INFO | ============================================================
2025-06-17 09:36:28 | INFO | 📅 Fecha/Hora: 2025-06-17 09:36:28
2025-06-17 09:36:28 | INFO | 📧 Usuario: pab***ipe@me.com
2025-06-17 09:36:28 | INFO | ============================================================
2025-06-17 09:36:28 | INFO | ⚠️ IMPORTANTE: Esta estrategia usa lógica INVERTIDA
2025-06-17 09:36:28 | INFO |    - PUT cuando RSI ≤ 35 (sobreventa)
2025-06-17 09:36:28 | INFO |    - CALL cuando RSI ≥ 65 (sobrecompra)
2025-06-17 09:36:28 | INFO | ============================================================
2025-06-17 09:36:28 | INFO | 🚀 Inicializando estrategia...
2025-06-17 09:36:28 | INFO | 🎯 INICIANDO ESTRATEGIA RSI MULTI-ACTIVOS (LÓGICA INVERTIDA)
2025-06-17 09:36:28 | INFO | 📊 Configuración: PUT <= 35, CALL >= 65
2025-06-17 09:36:28 | INFO | ⚡ LÓGICA INVERTIDA: PUT en sobreventa, CALL en sobrecompra
2025-06-17 09:36:28 | INFO | 🔗 Conectando a IQ Option...
2025-06-17 09:36:30 | INFO | ✅ Conexión exitosa
2025-06-17 09:36:30 | INFO | 💰 Balance actual: $543,127.40
2025-06-17 09:36:30 | INFO | 💰 Capital inicial: $543,127.40
2025-06-17 09:36:30 | INFO | ⏳ Período de calentamiento activo por 1 hora
2025-06-17 09:36:30 | INFO | 🕐 Primera operación posible a las: 10:36:30
2025-06-17 09:36:30 | INFO | 📂 No hay archivo de estado previo
2025-06-17 09:36:30 | INFO | 🔍 Verificando activos disponibles...
2025-06-17 09:36:37 | WARNING | ⚠️ US500: No disponible (SP500)
2025-06-17 09:36:37 | INFO | ✅ EURUSD: Encontrado como EURUSD-OTC (turbo)
2025-06-17 09:36:37 | INFO | ✅ EURUSD: Encontrado como EURUSD-op (turbo)
2025-06-17 09:36:37 | INFO | ✅ EURUSD: Encontrado como EURUSD-OTC (binary)
2025-06-17 09:36:37 | INFO | ✅ EURUSD: Encontrado como EURUSD-op (binary)
2025-06-17 09:36:37 | INFO | ✅ GER30: Encontrado como GER30-OTC (turbo)
2025-06-17 09:36:37 | INFO | ✅ GER30: Encontrado como GER30-OTC (binary)
2025-06-17 09:36:37 | INFO | ✅ GBPUSD: Encontrado como GBPUSD-OTC (turbo)
2025-06-17 09:36:37 | INFO | ✅ GBPUSD: Encontrado como GBPUSD-op (turbo)
2025-06-17 09:36:37 | INFO | ✅ GBPUSD: Encontrado como GBPUSD-OTC (binary)
2025-06-17 09:36:37 | INFO | ✅ GBPUSD: Encontrado como GBPUSD-op (binary)
2025-06-17 09:36:37 | INFO | ✅ XAUUSD: Encontrado como XAUUSD-OTC (turbo)
2025-06-17 09:36:37 | INFO | ✅ XAUUSD: Encontrado como XAUUSD-op (turbo)
2025-06-17 09:36:37 | INFO | ✅ XAUUSD: Encontrado como XAUUSD-OTC (binary)
2025-06-17 09:36:37 | INFO | ✅ XAUUSD: Encontrado como XAUUSD-op (binary)
2025-06-17 09:36:37 | INFO | ✅ USDJPY: Encontrado como USDJPY-op (turbo)
2025-06-17 09:36:37 | INFO | ✅ USDJPY: Encontrado como USDJPY-OTC (binary)
2025-06-17 09:36:37 | INFO | ✅ USDJPY: Encontrado como USDJPY-op (binary)
2025-06-17 09:36:37 | INFO | ✅ UK100: Encontrado como UK100-OTC (turbo)
2025-06-17 09:36:37 | INFO | ✅ UK100: Encontrado como UK100-OTC (binary)
2025-06-17 09:36:37 | INFO | ✅ EURGBP: Encontrado como EURGBP-OTC (turbo)
2025-06-17 09:36:37 | INFO | ✅ EURGBP: Encontrado como EURGBP-op (turbo)
2025-06-17 09:36:37 | INFO | ✅ EURGBP: Encontrado como EURGBP-OTC (binary)
2025-06-17 09:36:37 | INFO | ✅ EURGBP: Encontrado como EURGBP-op (binary)
2025-06-17 09:36:37 | INFO | ✅ AUDUSD: Encontrado como AUDUSD-OTC (turbo)
2025-06-17 09:36:37 | INFO | ✅ AUDUSD: Encontrado como AUDUSD-op (turbo)
2025-06-17 09:36:37 | INFO | ✅ AUDUSD: Encontrado como AUDUSD-OTC (binary)
2025-06-17 09:36:37 | INFO | ✅ JP225: Encontrado como JP225-OTC (turbo)
2025-06-17 09:36:37 | INFO | ✅ JP225: Encontrado como JP225-OTC (binary)
2025-06-17 09:36:37 | INFO | ✅ EURJPY: Encontrado como EURJPY-op (turbo)
2025-06-17 09:36:37 | INFO | ✅ EURJPY: Encontrado como EURJPY-OTC (binary)
2025-06-17 09:36:37 | INFO | ✅ EURJPY: Encontrado como EURJPY-op (binary)
2025-06-17 09:36:37 | INFO | ✅ APPLE: Encontrado como APPLE-op (binary)
2025-06-17 09:36:37 | INFO | ✅ XAGUSD: Encontrado como XAGUSD-OTC (turbo)
2025-06-17 09:36:37 | INFO | ✅ XAGUSD: Encontrado como XAGUSD-OTC (binary)
2025-06-17 09:36:37 | INFO | ✅ MSFT: Encontrado como MSFT-OTC (turbo)
2025-06-17 09:36:37 | INFO | ✅ MSFT: Encontrado como MSFT-OTC (binary)
2025-06-17 09:36:37 | INFO | ✅ MSFT: Encontrado como MSFT-op (binary)
2025-06-17 09:36:37 | INFO | ✅ GBPJPY: Encontrado como GBPJPY-OTC (turbo)
2025-06-17 09:36:37 | INFO | ✅ GBPJPY: Encontrado como GBPJPY-OTC (binary)
2025-06-17 09:36:37 | INFO | ✅ GBPJPY: Encontrado como GBPJPY-op (binary)
2025-06-17 09:36:37 | INFO | 📊 Total activos disponibles: 14
2025-06-17 09:36:37 | INFO | 📋 Activos habilitados:
2025-06-17 09:36:37 | INFO |    - EURUSD → EURUSD-OTC (turbo)
2025-06-17 09:36:37 | INFO |    - GER30 → GER30-OTC (turbo)
2025-06-17 09:36:37 | INFO |    - GBPUSD → GBPUSD-OTC (turbo)
2025-06-17 09:36:37 | INFO |    - XAUUSD → XAUUSD-OTC (turbo)
2025-06-17 09:36:37 | INFO |    - USDJPY → USDJPY-op (turbo)
2025-06-17 09:36:37 | INFO |    - UK100 → UK100-OTC (turbo)
2025-06-17 09:36:37 | INFO |    - EURGBP → EURGBP-OTC (turbo)
2025-06-17 09:36:37 | INFO |    - AUDUSD → AUDUSD-OTC (turbo)
2025-06-17 09:36:37 | INFO |    - JP225 → JP225-OTC (turbo)
2025-06-17 09:36:37 | INFO |    - EURJPY → EURJPY-op (turbo)
2025-06-17 09:36:37 | INFO |    - APPLE → APPLE-op (binary)
2025-06-17 09:36:37 | INFO |    - XAGUSD → XAGUSD-OTC (turbo)
2025-06-17 09:36:37 | INFO |    - MSFT → MSFT-OTC (turbo)
2025-06-17 09:36:37 | INFO |    - GBPJPY → GBPJPY-OTC (turbo)
2025-06-17 09:36:37 | INFO | 🎯 Iniciando operaciones...
2025-06-17 09:36:37 | INFO | ℹ️ Presiona Ctrl+C para detener la estrategia
2025-06-17 09:36:37 | INFO | 🚀 Iniciando estrategia RSI Multi-Activos (LÓGICA INVERTIDA)
2025-06-17 09:36:37 | INFO | 📊 Configuración: 14 activos disponibles
2025-06-17 09:36:37 | INFO | ⚡ IMPORTANTE: PUT en RSI≤35 (sobreventa), CALL en RSI≥65 (sobrecompra)
2025-06-17 09:36:37 | INFO | ⏰ Tiempo entre señales: 60 minutos (1 hora)
2025-06-17 09:36:37 | INFO | 🔄 Sin bloqueo por pérdidas consecutivas
2025-06-17 09:36:37 | INFO | 💰 Tamaño de posición: 2.5% del capital (sin límite máximo)
2025-06-17 09:38:52 | INFO | 🔄 Ciclo #10 - 2025-06-17 09:38:52
2025-06-17 09:38:52 | INFO | ⏳ Período de calentamiento: 57.6 minutos restantes
2025-06-17 09:41:22 | INFO | 🔄 Ciclo #20 - 2025-06-17 09:41:22
2025-06-17 09:41:22 | INFO | ⏳ Período de calentamiento: 55.1 minutos restantes
2025-06-17 09:43:52 | INFO | 🔄 Ciclo #30 - 2025-06-17 09:43:52
2025-06-17 09:43:52 | INFO | ⏳ Período de calentamiento: 52.6 minutos restantes
2025-06-17 09:46:22 | INFO | 🔄 Ciclo #40 - 2025-06-17 09:46:22
2025-06-17 09:46:22 | INFO | ⏳ Período de calentamiento: 50.1 minutos restantes
2025-06-17 09:48:52 | INFO | 🔄 Ciclo #50 - 2025-06-17 09:48:52
2025-06-17 09:48:52 | INFO | ⏳ Período de calentamiento: 47.6 minutos restantes
2025-06-17 09:51:22 | INFO | 🔄 Ciclo #60 - 2025-06-17 09:51:22
2025-06-17 09:51:22 | INFO | ⏳ Período de calentamiento: 45.1 minutos restantes
2025-06-17 09:53:52 | INFO | 🔄 Ciclo #70 - 2025-06-17 09:53:52
2025-06-17 09:53:52 | INFO | ⏳ Período de calentamiento: 42.6 minutos restantes
2025-06-17 09:56:22 | INFO | 🔄 Ciclo #80 - 2025-06-17 09:56:22
2025-06-17 09:56:22 | INFO | ⏳ Período de calentamiento: 40.1 minutos restantes
2025-06-17 09:58:52 | INFO | 🔄 Ciclo #90 - 2025-06-17 09:58:52
2025-06-17 09:58:52 | INFO | ⏳ Período de calentamiento: 37.6 minutos restantes
2025-06-17 10:01:22 | INFO | 🔄 Ciclo #100 - 2025-06-17 10:01:22
2025-06-17 10:01:22 | INFO | ⏳ Período de calentamiento: 35.1 minutos restantes
2025-06-17 10:01:23 | INFO | 🔄 Re-verificando activos disponibles...
2025-06-17 10:01:23 | INFO | 🔍 Verificando activos disponibles...
2025-06-17 10:01:28 | WARNING | ⚠️ US500: No disponible (SP500)
2025-06-17 10:01:28 | INFO | ✅ EURUSD: Encontrado como EURUSD-OTC (turbo)
2025-06-17 10:01:28 | INFO | ✅ EURUSD: Encontrado como EURUSD-op (turbo)
2025-06-17 10:01:28 | INFO | ✅ EURUSD: Encontrado como EURUSD-OTC (binary)
2025-06-17 10:01:28 | INFO | ✅ EURUSD: Encontrado como EURUSD-op (binary)
2025-06-17 10:01:28 | WARNING | ⚠️ GER30: No disponible en ninguna variante
2025-06-17 10:01:28 | INFO | ✅ GBPUSD: Encontrado como GBPUSD-OTC (turbo)
2025-06-17 10:01:28 | INFO | ✅ GBPUSD: Encontrado como GBPUSD-op (turbo)
2025-06-17 10:01:28 | INFO | ✅ GBPUSD: Encontrado como GBPUSD-OTC (binary)
2025-06-17 10:01:28 | INFO | ✅ GBPUSD: Encontrado como GBPUSD-op (binary)
2025-06-17 10:01:28 | INFO | ✅ XAUUSD: Encontrado como XAUUSD-OTC (turbo)
2025-06-17 10:01:28 | INFO | ✅ XAUUSD: Encontrado como XAUUSD-op (turbo)
2025-06-17 10:01:28 | INFO | ✅ XAUUSD: Encontrado como XAUUSD-OTC (binary)
2025-06-17 10:01:28 | INFO | ✅ XAUUSD: Encontrado como XAUUSD-op (binary)
2025-06-17 10:01:28 | INFO | ✅ USDJPY: Encontrado como USDJPY-op (turbo)
2025-06-17 10:01:28 | INFO | ✅ USDJPY: Encontrado como USDJPY-OTC (binary)
2025-06-17 10:01:28 | INFO | ✅ USDJPY: Encontrado como USDJPY-op (binary)
2025-06-17 10:01:28 | WARNING | ⚠️ UK100: No disponible en ninguna variante
2025-06-17 10:01:28 | INFO | ✅ EURGBP: Encontrado como EURGBP-OTC (turbo)
2025-06-17 10:01:28 | INFO | ✅ EURGBP: Encontrado como EURGBP-op (turbo)
2025-06-17 10:01:28 | INFO | ✅ EURGBP: Encontrado como EURGBP-OTC (binary)
2025-06-17 10:01:28 | INFO | ✅ EURGBP: Encontrado como EURGBP-op (binary)
2025-06-17 10:01:28 | INFO | ✅ AUDUSD: Encontrado como AUDUSD-OTC (turbo)
2025-06-17 10:01:28 | INFO | ✅ AUDUSD: Encontrado como AUDUSD-op (turbo)
2025-06-17 10:01:28 | INFO | ✅ AUDUSD: Encontrado como AUDUSD-OTC (binary)
2025-06-17 10:01:28 | INFO | ✅ JP225: Encontrado como JP225-OTC (turbo)
2025-06-17 10:01:28 | INFO | ✅ JP225: Encontrado como JP225-OTC (binary)
2025-06-17 10:01:28 | INFO | ✅ EURJPY: Encontrado como EURJPY-op (turbo)
2025-06-17 10:01:28 | INFO | ✅ EURJPY: Encontrado como EURJPY-OTC (binary)
2025-06-17 10:01:28 | INFO | ✅ EURJPY: Encontrado como EURJPY-op (binary)
2025-06-17 10:01:28 | INFO | ✅ APPLE: Encontrado como APPLE-op (binary)
2025-06-17 10:01:28 | INFO | ✅ XAGUSD: Encontrado como XAGUSD-OTC (turbo)
2025-06-17 10:01:28 | INFO | ✅ XAGUSD: Encontrado como XAGUSD-OTC (binary)
2025-06-17 10:01:28 | INFO | ✅ MSFT: Encontrado como MSFT-op (binary)
2025-06-17 10:01:28 | INFO | ✅ GBPJPY: Encontrado como GBPJPY-OTC (turbo)
2025-06-17 10:01:28 | INFO | ✅ GBPJPY: Encontrado como GBPJPY-OTC (binary)
2025-06-17 10:01:28 | INFO | ✅ GBPJPY: Encontrado como GBPJPY-op (binary)
2025-06-17 10:01:28 | INFO | 📊 Total activos disponibles: 12
2025-06-17 10:01:28 | INFO | 📋 Activos habilitados:
2025-06-17 10:01:28 | INFO |    - EURUSD → EURUSD-OTC (turbo)
2025-06-17 10:01:28 | INFO |    - GBPUSD → GBPUSD-OTC (turbo)
2025-06-17 10:01:28 | INFO |    - XAUUSD → XAUUSD-OTC (turbo)
2025-06-17 10:01:28 | INFO |    - USDJPY → USDJPY-op (turbo)
2025-06-17 10:01:28 | INFO |    - EURGBP → EURGBP-OTC (turbo)
2025-06-17 10:01:28 | INFO |    - AUDUSD → AUDUSD-OTC (turbo)
2025-06-17 10:01:28 | INFO |    - JP225 → JP225-OTC (turbo)
2025-06-17 10:01:28 | INFO |    - EURJPY → EURJPY-op (turbo)
2025-06-17 10:01:28 | INFO |    - APPLE → APPLE-op (binary)
2025-06-17 10:01:28 | INFO |    - XAGUSD → XAGUSD-OTC (turbo)
2025-06-17 10:01:28 | INFO |    - MSFT → MSFT-op (binary)
2025-06-17 10:01:28 | INFO |    - GBPJPY → GBPJPY-OTC (turbo)
2025-06-17 10:03:52 | INFO | 🔄 Ciclo #110 - 2025-06-17 10:03:52
2025-06-17 10:03:52 | INFO | ⏳ Período de calentamiento: 32.6 minutos restantes
2025-06-17 10:06:22 | INFO | 🔄 Ciclo #120 - 2025-06-17 10:06:22
2025-06-17 10:06:22 | INFO | ⏳ Período de calentamiento: 30.1 minutos restantes
2025-06-17 10:08:52 | INFO | 🔄 Ciclo #130 - 2025-06-17 10:08:52
2025-06-17 10:08:52 | INFO | ⏳ Período de calentamiento: 27.6 minutos restantes
2025-06-17 10:11:23 | INFO | 🔄 Ciclo #140 - 2025-06-17 10:11:23
2025-06-17 10:11:23 | INFO | ⏳ Período de calentamiento: 25.1 minutos restantes
2025-06-17 10:13:53 | INFO | 🔄 Ciclo #150 - 2025-06-17 10:13:53
2025-06-17 10:13:53 | INFO | ⏳ Período de calentamiento: 22.6 minutos restantes
2025-06-17 10:16:23 | INFO | 🔄 Ciclo #160 - 2025-06-17 10:16:23
2025-06-17 10:16:23 | INFO | ⏳ Período de calentamiento: 20.1 minutos restantes
2025-06-17 10:18:53 | INFO | 🔄 Ciclo #170 - 2025-06-17 10:18:53
2025-06-17 10:18:53 | INFO | ⏳ Período de calentamiento: 17.6 minutos restantes
2025-06-17 10:21:23 | INFO | 🔄 Ciclo #180 - 2025-06-17 10:21:23
2025-06-17 10:21:23 | INFO | ⏳ Período de calentamiento: 15.1 minutos restantes
2025-06-17 10:23:53 | INFO | 🔄 Ciclo #190 - 2025-06-17 10:23:53
2025-06-17 10:23:53 | INFO | ⏳ Período de calentamiento: 12.6 minutos restantes
2025-06-17 10:26:23 | INFO | 🔄 Ciclo #200 - 2025-06-17 10:26:23
2025-06-17 10:26:23 | INFO | ⏳ Período de calentamiento: 10.1 minutos restantes
2025-06-17 10:26:23 | INFO | 🔄 Re-verificando activos disponibles...
2025-06-17 10:26:23 | INFO | 🔍 Verificando activos disponibles...
2025-06-17 10:26:29 | WARNING | ⚠️ US500: No disponible (SP500)
2025-06-17 10:26:29 | INFO | ✅ EURUSD: Encontrado como EURUSD-OTC (turbo)
2025-06-17 10:26:29 | INFO | ✅ EURUSD: Encontrado como EURUSD-op (turbo)
2025-06-17 10:26:29 | INFO | ✅ EURUSD: Encontrado como EURUSD-OTC (binary)
2025-06-17 10:26:29 | INFO | ✅ EURUSD: Encontrado como EURUSD-op (binary)
2025-06-17 10:26:29 | WARNING | ⚠️ GER30: No disponible en ninguna variante
2025-06-17 10:26:29 | INFO | ✅ GBPUSD: Encontrado como GBPUSD-OTC (turbo)
2025-06-17 10:26:29 | INFO | ✅ GBPUSD: Encontrado como GBPUSD-op (turbo)
2025-06-17 10:26:29 | INFO | ✅ GBPUSD: Encontrado como GBPUSD-OTC (binary)
2025-06-17 10:26:29 | INFO | ✅ GBPUSD: Encontrado como GBPUSD-op (binary)
2025-06-17 10:26:29 | INFO | ✅ XAUUSD: Encontrado como XAUUSD-OTC (turbo)
2025-06-17 10:26:29 | INFO | ✅ XAUUSD: Encontrado como XAUUSD-op (turbo)
2025-06-17 10:26:29 | INFO | ✅ XAUUSD: Encontrado como XAUUSD-OTC (binary)
2025-06-17 10:26:29 | INFO | ✅ XAUUSD: Encontrado como XAUUSD-op (binary)
2025-06-17 10:26:29 | INFO | ✅ USDJPY: Encontrado como USDJPY-op (turbo)
2025-06-17 10:26:29 | INFO | ✅ USDJPY: Encontrado como USDJPY-OTC (binary)
2025-06-17 10:26:29 | INFO | ✅ USDJPY: Encontrado como USDJPY-op (binary)
2025-06-17 10:26:29 | WARNING | ⚠️ UK100: No disponible en ninguna variante
2025-06-17 10:26:29 | INFO | ✅ EURGBP: Encontrado como EURGBP-OTC (turbo)
2025-06-17 10:26:29 | INFO | ✅ EURGBP: Encontrado como EURGBP-op (turbo)
2025-06-17 10:26:29 | INFO | ✅ EURGBP: Encontrado como EURGBP-OTC (binary)
2025-06-17 10:26:29 | INFO | ✅ EURGBP: Encontrado como EURGBP-op (binary)
2025-06-17 10:26:29 | INFO | ✅ AUDUSD: Encontrado como AUDUSD-OTC (turbo)
2025-06-17 10:26:29 | INFO | ✅ AUDUSD: Encontrado como AUDUSD-op (turbo)
2025-06-17 10:26:29 | INFO | ✅ AUDUSD: Encontrado como AUDUSD-OTC (binary)
2025-06-17 10:26:29 | INFO | ✅ JP225: Encontrado como JP225-OTC (turbo)
2025-06-17 10:26:29 | INFO | ✅ JP225: Encontrado como JP225-OTC (binary)
2025-06-17 10:26:29 | INFO | ✅ EURJPY: Encontrado como EURJPY-op (turbo)
2025-06-17 10:26:29 | INFO | ✅ EURJPY: Encontrado como EURJPY-OTC (binary)
2025-06-17 10:26:29 | INFO | ✅ EURJPY: Encontrado como EURJPY-op (binary)
2025-06-17 10:26:29 | INFO | ✅ APPLE: Encontrado como APPLE-op (binary)
2025-06-17 10:26:29 | INFO | ✅ XAGUSD: Encontrado como XAGUSD-OTC (turbo)
2025-06-17 10:26:29 | INFO | ✅ XAGUSD: Encontrado como XAGUSD-OTC (binary)
2025-06-17 10:26:29 | INFO | ✅ MSFT: Encontrado como MSFT-op (binary)
2025-06-17 10:26:29 | INFO | ✅ GBPJPY: Encontrado como GBPJPY-OTC (turbo)
2025-06-17 10:26:29 | INFO | ✅ GBPJPY: Encontrado como GBPJPY-OTC (binary)
2025-06-17 10:26:29 | INFO | ✅ GBPJPY: Encontrado como GBPJPY-op (binary)
2025-06-17 10:26:29 | INFO | 📊 Total activos disponibles: 12
2025-06-17 10:26:29 | INFO | 📋 Activos habilitados:
2025-06-17 10:26:29 | INFO |    - EURUSD → EURUSD-OTC (turbo)
2025-06-17 10:26:29 | INFO |    - GBPUSD → GBPUSD-OTC (turbo)
2025-06-17 10:26:29 | INFO |    - XAUUSD → XAUUSD-OTC (turbo)
2025-06-17 10:26:29 | INFO |    - USDJPY → USDJPY-op (turbo)
2025-06-17 10:26:29 | INFO |    - EURGBP → EURGBP-OTC (turbo)
2025-06-17 10:26:29 | INFO |    - AUDUSD → AUDUSD-OTC (turbo)
2025-06-17 10:26:29 | INFO |    - JP225 → JP225-OTC (turbo)
2025-06-17 10:26:29 | INFO |    - EURJPY → EURJPY-op (turbo)
2025-06-17 10:26:29 | INFO |    - APPLE → APPLE-op (binary)
2025-06-17 10:26:29 | INFO |    - XAGUSD → XAGUSD-OTC (turbo)
2025-06-17 10:26:29 | INFO |    - MSFT → MSFT-op (binary)
2025-06-17 10:26:29 | INFO |    - GBPJPY → GBPJPY-OTC (turbo)
2025-06-17 10:28:53 | INFO | 🔄 Ciclo #210 - 2025-06-17 10:28:53
2025-06-17 10:28:53 | INFO | ⏳ Período de calentamiento: 7.6 minutos restantes
2025-06-17 10:31:23 | INFO | 🔄 Ciclo #220 - 2025-06-17 10:31:23
2025-06-17 10:31:23 | INFO | ⏳ Período de calentamiento: 5.1 minutos restantes
2025-06-17 10:33:53 | INFO | 🔄 Ciclo #230 - 2025-06-17 10:33:53
2025-06-17 10:33:53 | INFO | ⏳ Período de calentamiento: 2.6 minutos restantes
2025-06-17 10:36:23 | INFO | 🔄 Ciclo #240 - 2025-06-17 10:36:23
2025-06-17 10:36:23 | INFO | ⏳ Período de calentamiento: 0.1 minutos restantes
2025-06-17 10:36:40 | INFO | 🔴 AUDUSD - Señal PUT (RSI: 28.39)
2025-06-17 10:36:40 | INFO | 📈 Colocando PUT en AUDUSD (AUDUSD-OTC), cantidad: $13,578.19
2025-06-17 10:36:41 | INFO | ✅ Orden colocada exitosamente. ID: 12755254732
2025-06-17 10:36:41 | INFO | 📝 Orden registrada para AUDUSD
2025-06-17 10:36:42 | INFO | 🟢 GBPJPY - Señal CALL (RSI: 75.71)
2025-06-17 10:36:42 | INFO | 📈 Colocando CALL en GBPJPY (GBPJPY-OTC), cantidad: $13,238.74
2025-06-17 10:36:43 | INFO | ✅ Orden colocada exitosamente. ID: 12755254815
2025-06-17 10:36:43 | INFO | 📝 Orden registrada para GBPJPY
2025-06-17 10:36:53 | INFO | 📉 Nuevo mínimo: $516,311.40 (4.94% pérdida)
2025-06-17 10:38:53 | INFO | 🔄 Ciclo #250 - 2025-06-17 10:38:53
2025-06-17 10:39:08 | INFO | 🔄 Verificando orden 12755254732...
2025-06-17 10:39:08 | INFO | 📋 Orden encontrada en order_binary
2025-06-17 10:39:08 | INFO |    Result: LOOSE
2025-06-17 10:39:08 | INFO | ❌ Pérdida detectada
2025-06-17 10:39:08 | INFO | ❌ AUDUSD - PUT PERDIDA. Pérdida: $13,578.19
2025-06-17 10:39:08 | INFO | 📊 AUDUSD - Pérdidas consecutivas: 1
2025-06-17 10:39:08 | INFO | 🔄 Verificando orden 12755254815...
2025-06-17 10:39:08 | INFO | 📋 Orden encontrada en order_binary
2025-06-17 10:39:08 | INFO |    Result: LOOSE
2025-06-17 10:39:08 | INFO | ❌ Pérdida detectada
2025-06-17 10:39:08 | INFO | ❌ GBPJPY - CALL PERDIDA. Pérdida: $13,238.74
2025-06-17 10:39:08 | INFO | 📊 GBPJPY - Pérdidas consecutivas: 1
2025-06-17 10:41:23 | INFO | 🔄 Ciclo #260 - 2025-06-17 10:41:23
2025-06-17 10:42:55 | INFO | 🟢 APPLE - Señal CALL (RSI: 65.65)
2025-06-17 10:42:55 | INFO | 📈 Colocando CALL en APPLE (APPLE-op), cantidad: $12,907.79
2025-06-17 10:42:55 | ERROR | ❌ Error colocando orden: Active %!s(MISSING) not found.
2025-06-17 10:43:10 | INFO | 🟢 MSFT - Señal CALL (RSI: 65.11)
2025-06-17 10:43:10 | INFO | 📈 Colocando CALL en MSFT (MSFT-op), cantidad: $12,907.79
2025-06-17 10:43:11 | ERROR | ❌ Error colocando orden: Active %!s(MISSING) not found.
2025-06-17 10:43:53 | INFO | 🔄 Ciclo #270 - 2025-06-17 10:43:53
2025-06-17 10:46:23 | INFO | 🔄 Ciclo #280 - 2025-06-17 10:46:23
2025-06-17 10:47:24 | INFO | 🔴 XAUUSD - Señal PUT (RSI: 34.66)
2025-06-17 10:47:24 | INFO | 📈 Colocando PUT en XAUUSD (XAUUSD-OTC), cantidad: $12,907.79
2025-06-17 10:47:25 | INFO | ✅ Orden colocada exitosamente. ID: 12755292461
2025-06-17 10:47:25 | INFO | 📝 Orden registrada para XAUUSD
2025-06-17 10:47:38 | INFO | 📉 Nuevo mínimo: $503,404.40 (7.31% pérdida)
2025-06-17 10:48:53 | INFO | 🔄 Ciclo #290 - 2025-06-17 10:48:53
2025-06-17 10:48:54 | INFO | 🔴 EURUSD - Señal PUT (RSI: 34.73)
2025-06-17 10:48:54 | INFO | 📈 Colocando PUT en EURUSD (EURUSD-OTC), cantidad: $12,585.11
2025-06-17 10:48:55 | INFO | ✅ Orden colocada exitosamente. ID: 12755297175
2025-06-17 10:48:55 | INFO | 📝 Orden registrada para EURUSD
2025-06-17 10:49:08 | INFO | 📉 Nuevo mínimo: $490,819.40 (9.63% pérdida)
2025-06-17 10:49:53 | INFO | 🔄 Verificando orden 12755292461...
2025-06-17 10:49:53 | INFO | 📋 Orden encontrada en order_binary
2025-06-17 10:49:53 | INFO |    Result: LOOSE
2025-06-17 10:49:53 | INFO | ❌ Pérdida detectada
2025-06-17 10:49:53 | INFO | ❌ XAUUSD - PUT PERDIDA. Pérdida: $12,907.79
2025-06-17 10:49:53 | INFO | 📊 XAUUSD - Pérdidas consecutivas: 1
2025-06-17 10:51:23 | INFO | 🔄 Ciclo #300 - 2025-06-17 10:51:23
2025-06-17 10:51:23 | INFO | 🔄 Verificando orden 12755297175...
2025-06-17 10:51:23 | INFO | 📋 Orden encontrada en order_binary
2025-06-17 10:51:23 | INFO |    Result: LOOSE
2025-06-17 10:51:23 | INFO | ❌ Pérdida detectada
2025-06-17 10:51:23 | INFO | ❌ EURUSD - PUT PERDIDA. Pérdida: $12,585.11
2025-06-17 10:51:23 | INFO | 📊 EURUSD - Pérdidas consecutivas: 1
2025-06-17 10:51:25 | INFO | 🔄 Re-verificando activos disponibles...
2025-06-17 10:51:25 | INFO | 🔍 Verificando activos disponibles...
2025-06-17 10:51:31 | WARNING | ⚠️ US500: No disponible (SP500)
2025-06-17 10:51:31 | INFO | ✅ EURUSD: Encontrado como EURUSD-OTC (turbo)
2025-06-17 10:51:31 | INFO | ✅ EURUSD: Encontrado como EURUSD-op (turbo)
2025-06-17 10:51:31 | INFO | ✅ EURUSD: Encontrado como EURUSD-OTC (binary)
2025-06-17 10:51:31 | INFO | ✅ EURUSD: Encontrado como EURUSD-op (binary)
2025-06-17 10:51:31 | INFO | ✅ GER30: Encontrado como GER30-OTC (turbo)
2025-06-17 10:51:31 | INFO | ✅ GER30: Encontrado como GER30-OTC (binary)
2025-06-17 10:51:31 | INFO | ✅ GBPUSD: Encontrado como GBPUSD-OTC (turbo)
2025-06-17 10:51:31 | INFO | ✅ GBPUSD: Encontrado como GBPUSD-op (turbo)
2025-06-17 10:51:31 | INFO | ✅ GBPUSD: Encontrado como GBPUSD-OTC (binary)
2025-06-17 10:51:31 | INFO | ✅ GBPUSD: Encontrado como GBPUSD-op (binary)
2025-06-17 10:51:31 | INFO | ✅ XAUUSD: Encontrado como XAUUSD-OTC (turbo)
2025-06-17 10:51:31 | INFO | ✅ XAUUSD: Encontrado como XAUUSD-op (turbo)
2025-06-17 10:51:31 | INFO | ✅ XAUUSD: Encontrado como XAUUSD-OTC (binary)
2025-06-17 10:51:31 | INFO | ✅ XAUUSD: Encontrado como XAUUSD-op (binary)
2025-06-17 10:51:31 | INFO | ✅ USDJPY: Encontrado como USDJPY-op (turbo)
2025-06-17 10:51:31 | INFO | ✅ USDJPY: Encontrado como USDJPY-OTC (binary)
2025-06-17 10:51:31 | INFO | ✅ USDJPY: Encontrado como USDJPY-op (binary)
2025-06-17 10:51:31 | INFO | ✅ UK100: Encontrado como UK100-OTC (turbo)
2025-06-17 10:51:31 | INFO | ✅ UK100: Encontrado como UK100-OTC (binary)
2025-06-17 10:51:31 | INFO | ✅ EURGBP: Encontrado como EURGBP-OTC (turbo)
2025-06-17 10:51:31 | INFO | ✅ EURGBP: Encontrado como EURGBP-op (turbo)
2025-06-17 10:51:31 | INFO | ✅ EURGBP: Encontrado como EURGBP-OTC (binary)
2025-06-17 10:51:31 | INFO | ✅ EURGBP: Encontrado como EURGBP-op (binary)
2025-06-17 10:51:31 | INFO | ✅ AUDUSD: Encontrado como AUDUSD-OTC (turbo)
2025-06-17 10:51:31 | INFO | ✅ AUDUSD: Encontrado como AUDUSD-op (turbo)
2025-06-17 10:51:31 | INFO | ✅ AUDUSD: Encontrado como AUDUSD-OTC (binary)
2025-06-17 10:51:31 | INFO | ✅ JP225: Encontrado como JP225-OTC (turbo)
2025-06-17 10:51:31 | INFO | ✅ JP225: Encontrado como JP225-OTC (binary)
2025-06-17 10:51:31 | INFO | ✅ EURJPY: Encontrado como EURJPY-op (turbo)
2025-06-17 10:51:31 | INFO | ✅ EURJPY: Encontrado como EURJPY-OTC (binary)
2025-06-17 10:51:31 | INFO | ✅ EURJPY: Encontrado como EURJPY-op (binary)
2025-06-17 10:51:31 | INFO | ✅ APPLE: Encontrado como APPLE-op (binary)
2025-06-17 10:51:31 | INFO | ✅ XAGUSD: Encontrado como XAGUSD-OTC (turbo)
2025-06-17 10:51:31 | INFO | ✅ XAGUSD: Encontrado como XAGUSD-OTC (binary)
2025-06-17 10:51:31 | INFO | ✅ MSFT: Encontrado como MSFT-OTC (turbo)
2025-06-17 10:51:31 | INFO | ✅ MSFT: Encontrado como MSFT-OTC (binary)
2025-06-17 10:51:31 | INFO | ✅ MSFT: Encontrado como MSFT-op (binary)
2025-06-17 10:51:31 | INFO | ✅ GBPJPY: Encontrado como GBPJPY-OTC (turbo)
2025-06-17 10:51:31 | INFO | ✅ GBPJPY: Encontrado como GBPJPY-OTC (binary)
2025-06-17 10:51:31 | INFO | ✅ GBPJPY: Encontrado como GBPJPY-op (binary)
2025-06-17 10:51:31 | INFO | 📊 Total activos disponibles: 14
2025-06-17 10:51:31 | INFO | 📋 Activos habilitados:
2025-06-17 10:51:31 | INFO |    - EURUSD → EURUSD-OTC (turbo)
2025-06-17 10:51:31 | INFO |    - GER30 → GER30-OTC (turbo)
2025-06-17 10:51:31 | INFO |    - GBPUSD → GBPUSD-OTC (turbo)
2025-06-17 10:51:31 | INFO |    - XAUUSD → XAUUSD-OTC (turbo)
2025-06-17 10:51:31 | INFO |    - USDJPY → USDJPY-op (turbo)
2025-06-17 10:51:31 | INFO |    - UK100 → UK100-OTC (turbo)
2025-06-17 10:51:31 | INFO |    - EURGBP → EURGBP-OTC (turbo)
2025-06-17 10:51:31 | INFO |    - AUDUSD → AUDUSD-OTC (turbo)
2025-06-17 10:51:31 | INFO |    - JP225 → JP225-OTC (turbo)
2025-06-17 10:51:31 | INFO |    - EURJPY → EURJPY-op (turbo)
2025-06-17 10:51:31 | INFO |    - APPLE → APPLE-op (binary)
2025-06-17 10:51:31 | INFO |    - XAGUSD → XAGUSD-OTC (turbo)
2025-06-17 10:51:31 | INFO |    - MSFT → MSFT-OTC (turbo)
2025-06-17 10:51:31 | INFO |    - GBPJPY → GBPJPY-OTC (turbo)
2025-06-17 10:53:53 | INFO | 🔄 Ciclo #310 - 2025-06-17 10:53:53
2025-06-17 10:54:54 | INFO | 🟢 GER30 - Señal CALL (RSI: 65.39)
2025-06-17 10:54:54 | INFO | 📈 Colocando CALL en GER30 (GER30-OTC), cantidad: $12,270.49
2025-06-17 10:54:55 | INFO | ✅ Orden colocada exitosamente. ID: 12755318106
2025-06-17 10:54:55 | INFO | 📝 Orden registrada para GER30
2025-06-17 10:55:09 | INFO | 📉 Nuevo mínimo: $478,549.40 (11.89% pérdida)
2025-06-17 10:56:23 | INFO | 🔄 Ciclo #320 - 2025-06-17 10:56:23
2025-06-17 10:57:24 | INFO | 🔄 Verificando orden 12755318106...
2025-06-17 10:57:24 | INFO | 📋 Orden encontrada en order_binary
2025-06-17 10:57:24 | INFO |    Result: LOOSE
2025-06-17 10:57:24 | INFO | ❌ Pérdida detectada
2025-06-17 10:57:24 | INFO | ❌ GER30 - CALL PERDIDA. Pérdida: $12,270.49
2025-06-17 10:57:24 | INFO | 📊 GER30 - Pérdidas consecutivas: 1
2025-06-17 10:58:53 | INFO | 🔄 Ciclo #330 - 2025-06-17 10:58:53
2025-06-17 11:01:24 | INFO | 🔄 Ciclo #340 - 2025-06-17 11:01:24
2025-06-17 11:03:54 | INFO | 🔄 Ciclo #350 - 2025-06-17 11:03:54
2025-06-17 11:06:24 | INFO | 🔄 Ciclo #360 - 2025-06-17 11:06:24
2025-06-17 11:08:54 | INFO | 🔄 Ciclo #370 - 2025-06-17 11:08:54
2025-06-17 11:11:24 | INFO | 🔄 Ciclo #380 - 2025-06-17 11:11:24
2025-06-17 11:13:54 | INFO | 🔄 Ciclo #390 - 2025-06-17 11:13:54
2025-06-17 11:16:24 | INFO | 🔄 Ciclo #400 - 2025-06-17 11:16:24
2025-06-17 11:16:25 | INFO | 🔄 Re-verificando activos disponibles...
2025-06-17 11:16:25 | INFO | 🔍 Verificando activos disponibles...
2025-06-17 11:16:32 | WARNING | ⚠️ US500: No disponible (SP500)
2025-06-17 11:16:32 | INFO | ✅ EURUSD: Encontrado como EURUSD-OTC (turbo)
2025-06-17 11:16:32 | INFO | ✅ EURUSD: Encontrado como EURUSD-op (turbo)
2025-06-17 11:16:32 | INFO | ✅ EURUSD: Encontrado como EURUSD-OTC (binary)
2025-06-17 11:16:32 | INFO | ✅ EURUSD: Encontrado como EURUSD-op (binary)
2025-06-17 11:16:32 | INFO | ✅ GER30: Encontrado como GER30-OTC (turbo)
2025-06-17 11:16:32 | INFO | ✅ GER30: Encontrado como GER30-OTC (binary)
2025-06-17 11:16:32 | INFO | ✅ GBPUSD: Encontrado como GBPUSD-OTC (turbo)
2025-06-17 11:16:32 | INFO | ✅ GBPUSD: Encontrado como GBPUSD-op (turbo)
2025-06-17 11:16:32 | INFO | ✅ GBPUSD: Encontrado como GBPUSD-OTC (binary)
2025-06-17 11:16:32 | INFO | ✅ GBPUSD: Encontrado como GBPUSD-op (binary)
2025-06-17 11:16:32 | INFO | ✅ XAUUSD: Encontrado como XAUUSD-OTC (turbo)
2025-06-17 11:16:32 | INFO | ✅ XAUUSD: Encontrado como XAUUSD-op (turbo)
2025-06-17 11:16:32 | INFO | ✅ XAUUSD: Encontrado como XAUUSD-OTC (binary)
2025-06-17 11:16:32 | INFO | ✅ XAUUSD: Encontrado como XAUUSD-op (binary)
2025-06-17 11:16:32 | INFO | ✅ USDJPY: Encontrado como USDJPY-op (turbo)
2025-06-17 11:16:32 | INFO | ✅ USDJPY: Encontrado como USDJPY-OTC (binary)
2025-06-17 11:16:32 | INFO | ✅ USDJPY: Encontrado como USDJPY-op (binary)
2025-06-17 11:16:32 | INFO | ✅ UK100: Encontrado como UK100-OTC (turbo)
2025-06-17 11:16:32 | INFO | ✅ UK100: Encontrado como UK100-OTC (binary)
2025-06-17 11:16:32 | INFO | ✅ EURGBP: Encontrado como EURGBP-OTC (turbo)
2025-06-17 11:16:32 | INFO | ✅ EURGBP: Encontrado como EURGBP-OTC (binary)
2025-06-17 11:16:32 | INFO | ✅ EURGBP: Encontrado como EURGBP-op (binary)
2025-06-17 11:16:32 | INFO | ✅ AUDUSD: Encontrado como AUDUSD-OTC (turbo)
2025-06-17 11:16:32 | INFO | ✅ AUDUSD: Encontrado como AUDUSD-op (turbo)
2025-06-17 11:16:32 | INFO | ✅ AUDUSD: Encontrado como AUDUSD-OTC (binary)
2025-06-17 11:16:32 | INFO | ✅ JP225: Encontrado como JP225-OTC (turbo)
2025-06-17 11:16:32 | INFO | ✅ JP225: Encontrado como JP225-OTC (binary)
2025-06-17 11:16:32 | INFO | ✅ EURJPY: Encontrado como EURJPY-op (turbo)
2025-06-17 11:16:32 | INFO | ✅ EURJPY: Encontrado como EURJPY-OTC (binary)
2025-06-17 11:16:32 | INFO | ✅ EURJPY: Encontrado como EURJPY-op (binary)
2025-06-17 11:16:32 | INFO | ✅ APPLE: Encontrado como APPLE-op (binary)
2025-06-17 11:16:32 | INFO | ✅ XAGUSD: Encontrado como XAGUSD-OTC (turbo)
2025-06-17 11:16:32 | INFO | ✅ XAGUSD: Encontrado como XAGUSD-OTC (binary)
2025-06-17 11:16:32 | INFO | ✅ MSFT: Encontrado como MSFT-OTC (turbo)
2025-06-17 11:16:32 | INFO | ✅ MSFT: Encontrado como MSFT-OTC (binary)
2025-06-17 11:16:32 | INFO | ✅ MSFT: Encontrado como MSFT-op (binary)
2025-06-17 11:16:32 | INFO | ✅ GBPJPY: Encontrado como GBPJPY-OTC (turbo)
2025-06-17 11:16:32 | INFO | ✅ GBPJPY: Encontrado como GBPJPY-OTC (binary)
2025-06-17 11:16:32 | INFO | ✅ GBPJPY: Encontrado como GBPJPY-op (binary)
2025-06-17 11:16:32 | INFO | 📊 Total activos disponibles: 14
2025-06-17 11:16:32 | INFO | 📋 Activos habilitados:
2025-06-17 11:16:32 | INFO |    - EURUSD → EURUSD-OTC (turbo)
2025-06-17 11:16:32 | INFO |    - GER30 → GER30-OTC (turbo)
2025-06-17 11:16:32 | INFO |    - GBPUSD → GBPUSD-OTC (turbo)
2025-06-17 11:16:32 | INFO |    - XAUUSD → XAUUSD-OTC (turbo)
2025-06-17 11:16:32 | INFO |    - USDJPY → USDJPY-op (turbo)
2025-06-17 11:16:32 | INFO |    - UK100 → UK100-OTC (turbo)
2025-06-17 11:16:32 | INFO |    - EURGBP → EURGBP-OTC (turbo)
2025-06-17 11:16:32 | INFO |    - AUDUSD → AUDUSD-OTC (turbo)
2025-06-17 11:16:32 | INFO |    - JP225 → JP225-OTC (turbo)
2025-06-17 11:16:32 | INFO |    - EURJPY → EURJPY-op (turbo)
2025-06-17 11:16:32 | INFO |    - APPLE → APPLE-op (binary)
2025-06-17 11:16:32 | INFO |    - XAGUSD → XAGUSD-OTC (turbo)
2025-06-17 11:16:32 | INFO |    - MSFT → MSFT-OTC (turbo)
2025-06-17 11:16:32 | INFO |    - GBPJPY → GBPJPY-OTC (turbo)
2025-06-17 11:18:54 | INFO | 🔄 Ciclo #410 - 2025-06-17 11:18:54
2025-06-17 11:21:24 | INFO | 🔄 Ciclo #420 - 2025-06-17 11:21:24
2025-06-17 11:23:54 | INFO | 🔄 Ciclo #430 - 2025-06-17 11:23:54
2025-06-17 11:26:24 | INFO | 🔄 Ciclo #440 - 2025-06-17 11:26:24
2025-06-17 11:28:54 | INFO | 🔄 Ciclo #450 - 2025-06-17 11:28:54
2025-06-17 11:31:24 | INFO | 🔄 Ciclo #460 - 2025-06-17 11:31:24
2025-06-17 11:33:54 | INFO | 🔄 Ciclo #470 - 2025-06-17 11:33:54
2025-06-17 11:36:24 | INFO | 🔄 Ciclo #480 - 2025-06-17 11:36:24
2025-06-17 11:36:55 | INFO | 🔴 AUDUSD - Señal PUT (RSI: 29.22)
2025-06-17 11:36:56 | INFO | 📈 Colocando PUT en AUDUSD (AUDUSD-OTC), cantidad: $11,963.74
2025-06-17 11:36:56 | INFO | ✅ Orden colocada exitosamente. ID: 12755456871
2025-06-17 11:36:56 | INFO | 📝 Orden registrada para AUDUSD
2025-06-17 11:37:09 | INFO | 📉 Nuevo mínimo: $466,586.40 (14.09% pérdida)
2025-06-17 11:37:10 | INFO | 🟢 UK100 - Señal CALL (RSI: 65.07)
2025-06-17 11:37:10 | INFO | 📈 Colocando CALL en UK100 (UK100-OTC), cantidad: $11,664.66
2025-06-17 11:37:11 | INFO | ✅ Orden colocada exitosamente. ID: 12755458102
2025-06-17 11:37:11 | INFO | 📝 Orden registrada para UK100
2025-06-17 11:37:24 | INFO | 📉 Nuevo mínimo: $454,922.40 (16.24% pérdida)
2025-06-17 11:38:54 | INFO | 🔄 Ciclo #490 - 2025-06-17 11:38:54
2025-06-17 11:39:24 | INFO | 🔄 Verificando orden 12755456871...
2025-06-17 11:39:24 | INFO | 📋 Orden encontrada en order_binary
2025-06-17 11:39:24 | INFO |    Result: WIN (profit: 185%)
2025-06-17 11:39:24 | INFO | ✅ Victoria detectada
2025-06-17 11:39:24 | INFO | ✅ AUDUSD - PUT GANADA! Beneficio: $22,132.92
2025-06-17 11:39:39 | INFO | 🔄 Verificando orden 12755458102...
2025-06-17 11:39:39 | INFO | 📋 Orden encontrada en order_binary
2025-06-17 11:39:39 | INFO |    Result: LOOSE
2025-06-17 11:39:39 | INFO | ❌ Pérdida detectada
2025-06-17 11:39:39 | INFO | ❌ UK100 - CALL PERDIDA. Pérdida: $11,664.66
2025-06-17 11:39:39 | INFO | 📊 UK100 - Pérdidas consecutivas: 1
2025-06-17 11:41:24 | INFO | 🔄 Ciclo #500 - 2025-06-17 11:41:24
2025-06-17 11:41:26 | INFO | 🔄 Re-verificando activos disponibles...
2025-06-17 11:41:26 | INFO | 🔍 Verificando activos disponibles...
2025-06-17 11:41:31 | WARNING | ⚠️ US500: No disponible (SP500)
2025-06-17 11:41:31 | INFO | ✅ EURUSD: Encontrado como EURUSD-OTC (turbo)
2025-06-17 11:41:31 | INFO | ✅ EURUSD: Encontrado como EURUSD-op (turbo)
2025-06-17 11:41:31 | INFO | ✅ EURUSD: Encontrado como EURUSD-OTC (binary)
2025-06-17 11:41:31 | INFO | ✅ EURUSD: Encontrado como EURUSD-op (binary)
2025-06-17 11:41:31 | INFO | ✅ GER30: Encontrado como GER30-OTC (turbo)
2025-06-17 11:41:31 | INFO | ✅ GER30: Encontrado como GER30-OTC (binary)
2025-06-17 11:41:31 | INFO | ✅ GBPUSD: Encontrado como GBPUSD-OTC (turbo)
2025-06-17 11:41:31 | INFO | ✅ GBPUSD: Encontrado como GBPUSD-op (turbo)
2025-06-17 11:41:31 | INFO | ✅ GBPUSD: Encontrado como GBPUSD-OTC (binary)
2025-06-17 11:41:31 | INFO | ✅ GBPUSD: Encontrado como GBPUSD-op (binary)
2025-06-17 11:41:31 | INFO | ✅ XAUUSD: Encontrado como XAUUSD-OTC (turbo)
2025-06-17 11:41:31 | INFO | ✅ XAUUSD: Encontrado como XAUUSD-op (turbo)
2025-06-17 11:41:31 | INFO | ✅ XAUUSD: Encontrado como XAUUSD-OTC (binary)
2025-06-17 11:41:31 | INFO | ✅ XAUUSD: Encontrado como XAUUSD-op (binary)
2025-06-17 11:41:31 | INFO | ✅ USDJPY: Encontrado como USDJPY-op (turbo)
2025-06-17 11:41:31 | INFO | ✅ USDJPY: Encontrado como USDJPY-OTC (binary)
2025-06-17 11:41:31 | INFO | ✅ USDJPY: Encontrado como USDJPY-op (binary)
2025-06-17 11:41:31 | INFO | ✅ UK100: Encontrado como UK100-OTC (turbo)
2025-06-17 11:41:31 | INFO | ✅ UK100: Encontrado como UK100-OTC (binary)
2025-06-17 11:41:31 | INFO | ✅ EURGBP: Encontrado como EURGBP-OTC (turbo)
2025-06-17 11:41:31 | INFO | ✅ EURGBP: Encontrado como EURGBP-OTC (binary)
2025-06-17 11:41:31 | INFO | ✅ EURGBP: Encontrado como EURGBP-op (binary)
2025-06-17 11:41:31 | INFO | ✅ AUDUSD: Encontrado como AUDUSD-OTC (turbo)
2025-06-17 11:41:31 | INFO | ✅ AUDUSD: Encontrado como AUDUSD-op (turbo)
2025-06-17 11:41:31 | INFO | ✅ AUDUSD: Encontrado como AUDUSD-OTC (binary)
2025-06-17 11:41:31 | INFO | ✅ JP225: Encontrado como JP225-OTC (turbo)
2025-06-17 11:41:31 | INFO | ✅ JP225: Encontrado como JP225-OTC (binary)
2025-06-17 11:41:31 | INFO | ✅ EURJPY: Encontrado como EURJPY-op (turbo)
2025-06-17 11:41:31 | INFO | ✅ EURJPY: Encontrado como EURJPY-OTC (binary)
2025-06-17 11:41:31 | INFO | ✅ EURJPY: Encontrado como EURJPY-op (binary)
2025-06-17 11:41:31 | INFO | ✅ APPLE: Encontrado como APPLE-op (binary)
2025-06-17 11:41:31 | INFO | ✅ XAGUSD: Encontrado como XAGUSD-OTC (turbo)
2025-06-17 11:41:31 | INFO | ✅ XAGUSD: Encontrado como XAGUSD-OTC (binary)
2025-06-17 11:41:31 | INFO | ✅ MSFT: Encontrado como MSFT-OTC (turbo)
2025-06-17 11:41:31 | INFO | ✅ MSFT: Encontrado como MSFT-OTC (binary)
2025-06-17 11:41:31 | INFO | ✅ MSFT: Encontrado como MSFT-op (binary)
2025-06-17 11:41:31 | INFO | ✅ GBPJPY: Encontrado como GBPJPY-OTC (turbo)
2025-06-17 11:41:31 | INFO | ✅ GBPJPY: Encontrado como GBPJPY-OTC (binary)
2025-06-17 11:41:31 | INFO | ✅ GBPJPY: Encontrado como GBPJPY-op (binary)
2025-06-17 11:41:31 | INFO | 📊 Total activos disponibles: 14
2025-06-17 11:41:31 | INFO | 📋 Activos habilitados:
2025-06-17 11:41:31 | INFO |    - EURUSD → EURUSD-OTC (turbo)
2025-06-17 11:41:31 | INFO |    - GER30 → GER30-OTC (turbo)
2025-06-17 11:41:31 | INFO |    - GBPUSD → GBPUSD-OTC (turbo)
2025-06-17 11:41:31 | INFO |    - XAUUSD → XAUUSD-OTC (turbo)
2025-06-17 11:41:31 | INFO |    - USDJPY → USDJPY-op (turbo)
2025-06-17 11:41:31 | INFO |    - UK100 → UK100-OTC (turbo)
2025-06-17 11:41:31 | INFO |    - EURGBP → EURGBP-OTC (turbo)
2025-06-17 11:41:31 | INFO |    - AUDUSD → AUDUSD-OTC (turbo)
2025-06-17 11:41:31 | INFO |    - JP225 → JP225-OTC (turbo)
2025-06-17 11:41:31 | INFO |    - EURJPY → EURJPY-op (turbo)
2025-06-17 11:41:31 | INFO |    - APPLE → APPLE-op (binary)
2025-06-17 11:41:31 | INFO |    - XAGUSD → XAGUSD-OTC (turbo)
2025-06-17 11:41:31 | INFO |    - MSFT → MSFT-OTC (turbo)
2025-06-17 11:41:31 | INFO |    - GBPJPY → GBPJPY-OTC (turbo)
2025-06-17 11:43:11 | INFO | 🟢 MSFT - Señal CALL (RSI: 71.27)
2025-06-17 11:43:11 | INFO | 📈 Colocando CALL en MSFT (MSFT-OTC), cantidad: $11,926.35
2025-06-17 11:43:12 | INFO | ✅ Orden colocada exitosamente. ID: 12755479680
2025-06-17 11:43:12 | INFO | 📝 Orden registrada para MSFT
2025-06-17 11:43:54 | INFO | 🔄 Ciclo #510 - 2025-06-17 11:43:54
2025-06-17 11:44:23 | INFO | ⏹️ Estrategia detenida por el usuario
2025-06-17 11:44:23 | INFO | 🏁 Finalizando estrategia...
2025-06-17 11:44:24 | INFO | ============================================================
2025-06-17 11:44:24 | INFO | 📊 RESUMEN DE LA ESTRATEGIA RSI MULTI-ACTIVOS (LÓGICA INVERTIDA)
2025-06-17 11:44:24 | INFO | ============================================================
2025-06-17 11:44:24 | INFO | ⚡ Estrategia: PUT en sobreventa (RSI≤35), CALL en sobrecompra (RSI≥65)
2025-06-17 11:44:24 | INFO | 💰 Capital Inicial: $543,127.40
2025-06-17 11:44:24 | INFO | 💰 Balance Final: $465,127.95
2025-06-17 11:44:24 | INFO | 📈 Rendimiento Total: -14.36%
2025-06-17 11:44:24 | INFO | 🎯 Total Operaciones: 7
2025-06-17 11:44:24 | INFO | ✅ Victorias: 1 (14.3%)
2025-06-17 11:44:24 | INFO | ❌ Derrotas: 6 (85.7%)
2025-06-17 11:44:24 | INFO | 🟡 Empates: 0 (0.0%)
2025-06-17 11:44:24 | INFO | 📊 Tasa de Éxito (sin empates): 14.29%
2025-06-17 11:44:24 | INFO | 💵 Beneficio Neto: $-54,112.06
2025-06-17 11:44:24 | INFO | 📉 Capital Mínimo: $454,922.40
2025-06-17 11:44:24 | INFO | 
📊 Estadísticas por Activo:
2025-06-17 11:44:24 | INFO | EURUSD: 1 trades | 0W/1L/0T | 0.0% éxito | Pérdidas consecutivas: 1
2025-06-17 11:44:24 | INFO | GER30: 1 trades | 0W/1L/0T | 0.0% éxito | Pérdidas consecutivas: 1
2025-06-17 11:44:24 | INFO | XAUUSD: 1 trades | 0W/1L/0T | 0.0% éxito | Pérdidas consecutivas: 1
2025-06-17 11:44:24 | INFO | UK100: 1 trades | 0W/1L/0T | 0.0% éxito | Pérdidas consecutivas: 1
2025-06-17 11:44:24 | INFO | AUDUSD: 2 trades | 1W/1L/0T | 50.0% éxito | Pérdidas consecutivas: 0
2025-06-17 11:44:24 | INFO | GBPJPY: 1 trades | 0W/1L/0T | 0.0% éxito | Pérdidas consecutivas: 1
2025-06-17 11:44:24 | INFO | 
📅 Rendimiento Mensual:
2025-06-17 11:44:24 | INFO | ============================================================
2025-06-17 11:44:24 | INFO | 👋 Estrategia finalizada
2025-06-17 11:44:24 | INFO | 👋 Programa finalizado
